<?xml version="1.0" encoding="UTF-8"?>
<!-- Generated by org.testng.reporters.JUnitReportReporter -->
<testsuite hostname="DESKTOP-CTQMC8Q" failures="0" tests="3" name="listners.testNgListnersDemo2" time="0.006" errors="0" timestamp="2020-11-18T08:33:45 IST" skipped="1">
  <testcase classname="listners.testNgListnersDemo2" name="test4" time="0.002"/>
  <system-out/>
  <testcase classname="listners.testNgListnersDemo2" name="test6" time="0.002">
    <skipped/>
  </testcase> <!-- test6 -->
  <system-out/>
  <testcase classname="listners.testNgListnersDemo2" name="test5" time="0.002"/>
  <system-out/>
</testsuite> <!-- listners.testNgListnersDemo2 -->
