<?xml version="1.0" encoding="UTF-8"?>
<!-- Generated by org.testng.reporters.JUnitReportReporter -->
<testsuite hostname="DESKTOP-CTQMC8Q" failures="0" tests="1" name="report.AjaxControl" time="3.645" errors="0" timestamp="2020-11-20T10:52:58 IST" skipped="0">
  <testcase classname="report.AjaxControl" name="f" time="3.645"/>
  <system-out/>
</testsuite> <!-- report.AjaxControl -->
