<?xml version="1.0" encoding="UTF-8"?>
<!-- Generated by org.testng.reporters.JUnitReportReporter -->
<testsuite hostname="DESKTOP-CTQMC8Q" failures="0" tests="1" name="report.DatabaseTesting" time="0.061" errors="0" timestamp="2020-11-19T14:08:22 IST" skipped="0">
  <testcase classname="report.DatabaseTesting" name="test" time="0.061"/>
  <system-out/>
</testsuite> <!-- report.DatabaseTesting -->
