<?xml version="1.0" encoding="UTF-8"?>
<!-- Generated by org.testng.reporters.JUnitReportReporter -->
<testsuite hostname="DESKTOP-CTQMC8Q" failures="0" tests="3" name="listners.testNgListnersDemo1" time="11.499" errors="0" timestamp="2020-11-18T08:33:45 IST" skipped="1">
  <testcase classname="listners.testNgListnersDemo1" name="test2" time="11.484"/>
  <system-out/>
  <testcase classname="listners.testNgListnersDemo1" name="test1" time="0.012"/>
  <system-out/>
  <testcase classname="listners.testNgListnersDemo1" name="test3" time="0.003">
    <skipped/>
  </testcase> <!-- test3 -->
  <system-out/>
</testsuite> <!-- listners.testNgListnersDemo1 -->
