<?xml version="1.0" encoding="UTF-8"?>
<!-- Generated by org.testng.reporters.JUnitReportReporter -->
<testsuite hostname="DESKTOP-CTQMC8Q" failures="0" tests="1" name="report.ExtendReportDemo" time="1.497" errors="0" timestamp="2020-11-18T09:15:58 IST" skipped="0">
  <testcase classname="report.ExtendReportDemo" name="loginTest" time="1.497"/>
  <system-out/>
</testsuite> <!-- report.ExtendReportDemo -->
