<?xml version="1.0" encoding="UTF-8"?>
<!-- Generated by org.testng.reporters.JUnitReportReporter -->
<testsuite hostname="DESKTOP-CTQMC8Q" failures="0" tests="3" name="locate.NewTest" time="0.020" errors="0" timestamp="2020-11-17T17:56:54 IST" skipped="0">
  <testcase classname="locate.NewTest" name="e" time="0.011"/>
  <system-out/>
  <testcase classname="locate.NewTest" name="f" time="0.005"/>
  <system-out/>
  <testcase classname="locate.NewTest" name="d" time="0.004"/>
  <system-out/>
</testsuite> <!-- locate.NewTest -->
